<?xml version="1.0" encoding="UTF-8"?>
<!-- Generated by org.testng.reporters.JUnitReportReporter -->
<testsuite hostname="Himen-PC" name="Academy.HomePage" tests="2" failures="0" timestamp="15 May 2020 17:45:07 GMT" time="71.637" errors="0">
  <testcase name="basePageNavigation" time="48.937" classname="Academy.HomePage"/>
  <testcase name="basePageNavigation" time="22.700" classname="Academy.HomePage"/>
</testsuite> <!-- Academy.HomePage -->
